0 info it worked if it ends with ok
1 verbose cli [ '/usr/bin/nodejs',
1 verbose cli   '/home/valentino/.nvm/versions/node/v7.2.0/lib/node_modules/npm/bin/npm-cli.js',
1 verbose cli   'start' ]
2 info using npm@3.10.9
3 info using node@v4.8.2
4 verbose run-script [ 'prestart', 'start', 'poststart' ]
5 info lifecycle @~prestart: @
6 silly lifecycle @~prestart: no script for prestart, continuing
7 info lifecycle @~start: @
8 verbose lifecycle @~start: unsafe-perm in lifecycle true
9 verbose lifecycle @~start: PATH: /home/valentino/.nvm/versions/node/v7.2.0/lib/node_modules/npm/bin/node-gyp-bin:/home/valentino/IdeaProjects/ticketing-system-frontend/node_modules/.bin:/usr/local/bin:/usr/bin:/bin:/usr/local/games:/usr/games
10 verbose lifecycle @~start: CWD: /home/valentino/IdeaProjects/ticketing-system-frontend
11 silly lifecycle @~start: Args: [ '-c', 'npm-run-all -p watch-css start-js' ]
12 silly lifecycle @~start: Returned: code: 1  signal: null
13 info lifecycle @~start: Failed to exec start script
14 verbose stack Error: @ start: `npm-run-all -p watch-css start-js`
14 verbose stack Exit status 1
14 verbose stack     at EventEmitter.<anonymous> (/home/valentino/.nvm/versions/node/v7.2.0/lib/node_modules/npm/lib/utils/lifecycle.js:255:16)
14 verbose stack     at emitTwo (events.js:87:13)
14 verbose stack     at EventEmitter.emit (events.js:172:7)
14 verbose stack     at ChildProcess.<anonymous> (/home/valentino/.nvm/versions/node/v7.2.0/lib/node_modules/npm/lib/utils/spawn.js:40:14)
14 verbose stack     at emitTwo (events.js:87:13)
14 verbose stack     at ChildProcess.emit (events.js:172:7)
14 verbose stack     at maybeClose (internal/child_process.js:862:16)
14 verbose stack     at Process.ChildProcess._handle.onexit (internal/child_process.js:222:5)
15 verbose pkgid @
16 verbose cwd /home/valentino/IdeaProjects/ticketing-system-frontend
17 error Linux 4.9.0-6-amd64
18 error argv "/usr/bin/nodejs" "/home/valentino/.nvm/versions/node/v7.2.0/lib/node_modules/npm/bin/npm-cli.js" "start"
19 error node v4.8.2
20 error npm  v3.10.9
21 error code ELIFECYCLE
22 error @ start: `npm-run-all -p watch-css start-js`
22 error Exit status 1
23 error Failed at the @ start script 'npm-run-all -p watch-css start-js'.
23 error Make sure you have the latest version of node.js and npm installed.
23 error If you do, this is most likely a problem with the  package,
23 error not with npm itself.
23 error Tell the author that this fails on your system:
23 error     npm-run-all -p watch-css start-js
23 error You can get information on how to open an issue for this project with:
23 error     npm bugs
23 error Or if that isn't available, you can get their info via:
23 error     npm owner ls
23 error There is likely additional logging output above.
24 verbose exit [ 1, true ]
